# JRE version: Java(TM) SE Runtime Environment (8.0_92-b14) (build 1.8.0_92-b14)
# Java VM: Java HotSpot(TM) Client VM (25.92-b14 mixed mode windows-x86 )
Heap:
 def new generation   total 39424K, used 18521K [0x05400000, 0x07ec0000, 0x0fea0000)
  eden space 35072K,  51% used [0x05400000, 0x065acc78, 0x07640000)
  from space 4352K,   9% used [0x07a80000, 0x07ae9950, 0x07ec0000)
  to   space 4352K,   0% used [0x07640000, 0x07640000, 0x07a80000)
 tenured generation   total 87424K, used 28824K [0x0fea0000, 0x15400000, 0x25400000)
   the space 87424K,  32% used [0x0fea0000, 0x11ac6140, 0x11ac6200, 0x15400000)
 Metaspace       used 18404K, capacity 18852K, committed 18944K, reserved 19840K
GC Heap History (10 events):
Event: 2130.433 GC heap before
{Heap before GC invocations=21 (full 1):
 def new generation   total 39424K, used 35635K [0x05400000, 0x07ec0000, 0x0fea0000)
  eden space 35072K, 100% used [0x05400000, 0x07640000, 0x07640000)
  from space 4352K,  12% used [0x07640000, 0x076ccf28, 0x07a80000)
  to   space 4352K,   0% used [0x07a80000, 0x07a80000, 0x07ec0000)
 tenured generation   total 87424K, used 28560K [0x0fea0000, 0x15400000, 0x25400000)
   the space 87424K,  32% used [0x0fea0000, 0x11a84048, 0x11a84200, 0x15400000)
 Metaspace       used 18402K, capacity 18849K, committed 18944K, reserved 19840K
Event: 2130.438 GC heap after
Heap after GC invocations=22 (full 1):
 def new generation   total 39424K, used 478K [0x05400000, 0x07ec0000, 0x0fea0000)
  eden space 35072K,   0% used [0x05400000, 0x05400000, 0x07640000)
  from space 4352K,  10% used [0x07a80000, 0x07af7880, 0x07ec0000)
  to   space 4352K,   0% used [0x07640000, 0x07640000, 0x07a80000)
 tenured generation   total 87424K, used 28686K [0x0fea0000, 0x15400000, 0x25400000)
   the space 87424K,  32% used [0x0fea0000, 0x11aa39c0, 0x11aa3a00, 0x15400000)
 Metaspace       used 18402K, capacity 18849K, committed 18944K, reserved 19840K
}
Event: 2263.086 GC heap before
{Heap before GC invocations=22 (full 1):
 def new generation   total 39424K, used 35550K [0x05400000, 0x07ec0000, 0x0fea0000)
  eden space 35072K, 100% used [0x05400000, 0x07640000, 0x07640000)
  from space 4352K,  10% used [0x07a80000, 0x07af7880, 0x07ec0000)
  to   space 4352K,   0% used [0x07640000, 0x07640000, 0x07a80000)
 tenured generation   total 87424K, used 28686K [0x0fea0000, 0x15400000, 0x25400000)
   the space 87424K,  32% used [0x0fea0000, 0x11aa39c0, 0x11aa3a00, 0x15400000)
 Metaspace       used 18402K, capacity 18849K, committed 18944K, reserved 19840K
Event: 2263.089 GC heap after
Heap after GC invocations=23 (full 1):
 def new generation   total 39424K, used 489K [0x05400000, 0x07ec0000, 0x0fea0000)
  eden space 35072K,   0% used [0x05400000, 0x05400000, 0x07640000)
  from space 4352K,  11% used [0x07640000, 0x076ba618, 0x07a80000)
  to   space 4352K,   0% used [0x07a80000, 0x07a80000, 0x07ec0000)
 tenured generation   total 87424K, used 28729K [0x0fea0000, 0x15400000, 0x25400000)
   the space 87424K,  32% used [0x0fea0000, 0x11aae728, 0x11aae800, 0x15400000)
 Metaspace       used 18402K, capacity 18849K, committed 18944K, reserved 19840K
}
Event: 2362.712 GC heap before
{Heap before GC invocations=23 (full 1):
 def new generation   total 39424K, used 35561K [0x05400000, 0x07ec0000, 0x0fea0000)
  eden space 35072K, 100% used [0x05400000, 0x07640000, 0x07640000)
  from space 4352K,  11% used [0x07640000, 0x076ba618, 0x07a80000)
  to   space 4352K,   0% used [0x07a80000, 0x07a80000, 0x07ec0000)
 tenured generation   total 87424K, used 28729K [0x0fea0000, 0x15400000, 0x25400000)
   the space 87424K,  32% used [0x0fea0000, 0x11aae728, 0x11aae800, 0x15400000)
 Metaspace       used 18404K, capacity 18852K, committed 18944K, reserved 19840K
Event: 2362.714 GC heap after
Heap after GC invocations=24 (full 1):
 def new generation   total 39424K, used 516K [0x05400000, 0x07ec0000, 0x0fea0000)
  eden space 35072K,   0% used [0x05400000, 0x05400000, 0x07640000)
  from space 4352K,  11% used [0x07a80000, 0x07b01038, 0x07ec0000)
  to   space 4352K,   0% used [0x07640000, 0x07640000, 0x07a80000)
 tenured generation   total 87424K, used 28770K [0x0fea0000, 0x15400000, 0x25400000)
   the space 87424K,  32% used [0x0fea0000, 0x11ab8b80, 0x11ab8c00, 0x15400000)
 Metaspace       used 18404K, capacity 18852K, committed 18944K, reserved 19840K
}
Event: 2467.793 GC heap before
{Heap before GC invocations=24 (full 1):
 def new generation   total 39424K, used 35588K [0x05400000, 0x07ec0000, 0x0fea0000)
  eden space 35072K, 100% used [0x05400000, 0x07640000, 0x07640000)
  from space 4352K,  11% used [0x07a80000, 0x07b01038, 0x07ec0000)
  to   space 4352K,   0% used [0x07640000, 0x07640000, 0x07a80000)
 tenured generation   total 87424K, used 28770K [0x0fea0000, 0x15400000, 0x25400000)
   the space 87424K,  32% used [0x0fea0000, 0x11ab8b80, 0x11ab8c00, 0x15400000)
 Metaspace       used 18404K, capacity 18852K, committed 18944K, reserved 19840K
Event: 2467.795 GC heap after
Heap after GC invocations=25 (full 1):
 def new generation   total 39424K, used 417K [0x05400000, 0x07ec0000, 0x0fea0000)
  eden space 35072K,   0% used [0x05400000, 0x05400000, 0x07640000)
  from space 4352K,   9% used [0x07640000, 0x076a8420, 0x07a80000)
  to   space 4352K,   0% used [0x07a80000, 0x07a80000, 0x07ec0000)
 tenured generation   total 87424K, used 28778K [0x0fea0000, 0x15400000, 0x25400000)
   the space 87424K,  32% used [0x0fea0000, 0x11abaad0, 0x11abac00, 0x15400000)
 Metaspace       used 18404K, capacity 18852K, committed 18944K, reserved 19840K
}
Event: 2604.899 GC heap before
{Heap before GC invocations=25 (full 1):
 def new generation   total 39424K, used 35489K [0x05400000, 0x07ec0000, 0x0fea0000)
  eden space 35072K, 100% used [0x05400000, 0x07640000, 0x07640000)
  from space 4352K,   9% used [0x07640000, 0x076a8420, 0x07a80000)
  to   space 4352K,   0% used [0x07a80000, 0x07a80000, 0x07ec0000)
 tenured generation   total 87424K, used 28778K [0x0fea0000, 0x15400000, 0x25400000)
   the space 87424K,  32% used [0x0fea0000, 0x11abaad0, 0x11abac00, 0x15400000)
 Metaspace       used 18404K, capacity 18852K, committed 18944K, reserved 19840K
Event: 2604.901 GC heap after
Heap after GC invocations=26 (full 1):
 def new generation   total 39424K, used 422K [0x05400000, 0x07ec0000, 0x0fea0000)
  eden space 35072K,   0% used [0x05400000, 0x05400000, 0x07640000)
  from space 4352K,   9% used [0x07a80000, 0x07ae9950, 0x07ec0000)
  to   space 4352K,   0% used [0x07640000, 0x07640000, 0x07a80000)
 tenured generation   total 87424K, used 28824K [0x0fea0000, 0x15400000, 0x25400000)
   the space 87424K,  32% used [0x0fea0000, 0x11ac6140, 0x11ac6200, 0x15400000)
 Metaspace       used 18404K, capacity 18852K, committed 18944K, reserved 19840K
}

