# JRE version: Java(TM) SE Runtime Environment (8.0_92-b14) (build 1.8.0_92-b14)
# Java VM: Java HotSpot(TM) Client VM (25.92-b14 mixed mode windows-x86 )
Heap:
 def new generation   total 39424K, used 26891K [0x04c00000, 0x076c0000, 0x0f6a0000)
  eden space 35072K,  75% used [0x04c00000, 0x06605858, 0x06e40000)
  from space 4352K,   5% used [0x06e40000, 0x06e7d790, 0x07280000)
  to   space 4352K,   0% used [0x07280000, 0x07280000, 0x076c0000)
 tenured generation   total 87424K, used 38163K [0x0f6a0000, 0x14c00000, 0x24c00000)
   the space 87424K,  43% used [0x0f6a0000, 0x11be4d50, 0x11be4e00, 0x14c00000)
 Metaspace       used 18879K, capacity 19340K, committed 19456K, reserved 19840K
GC Heap History (10 events):
Event: 457.837 GC heap before
{Heap before GC invocations=10 (full 1):
 def new generation   total 39424K, used 36385K [0x04c00000, 0x076c0000, 0x0f6a0000)
  eden space 35072K, 100% used [0x04c00000, 0x06e40000, 0x06e40000)
  from space 4352K,  30% used [0x07280000, 0x073c8650, 0x076c0000)
  to   space 4352K,   0% used [0x06e40000, 0x06e40000, 0x07280000)
 tenured generation   total 87424K, used 27322K [0x0f6a0000, 0x14c00000, 0x24c00000)
   the space 87424K,  31% used [0x0f6a0000, 0x1114ea70, 0x1114ec00, 0x14c00000)
 Metaspace       used 18336K, capacity 18783K, committed 18816K, reserved 18816K
Event: 457.840 GC heap after
Heap after GC invocations=11 (full 1):
 def new generation   total 39424K, used 1610K [0x04c00000, 0x076c0000, 0x0f6a0000)
  eden space 35072K,   0% used [0x04c00000, 0x04c00000, 0x06e40000)
  from space 4352K,  37% used [0x06e40000, 0x06fd2950, 0x07280000)
  to   space 4352K,   0% used [0x07280000, 0x07280000, 0x076c0000)
 tenured generation   total 87424K, used 27322K [0x0f6a0000, 0x14c00000, 0x24c00000)
   the space 87424K,  31% used [0x0f6a0000, 0x1114ea70, 0x1114ec00, 0x14c00000)
 Metaspace       used 18336K, capacity 18783K, committed 18816K, reserved 18816K
}
Event: 508.794 GC heap before
{Heap before GC invocations=11 (full 1):
 def new generation   total 39424K, used 36682K [0x04c00000, 0x076c0000, 0x0f6a0000)
  eden space 35072K, 100% used [0x04c00000, 0x06e40000, 0x06e40000)
  from space 4352K,  37% used [0x06e40000, 0x06fd2950, 0x07280000)
  to   space 4352K,   0% used [0x07280000, 0x07280000, 0x076c0000)
 tenured generation   total 87424K, used 27322K [0x0f6a0000, 0x14c00000, 0x24c00000)
   the space 87424K,  31% used [0x0f6a0000, 0x1114ea70, 0x1114ec00, 0x14c00000)
 Metaspace       used 18687K, capacity 19138K, committed 19200K, reserved 19840K
Event: 508.803 GC heap after
Heap after GC invocations=12 (full 1):
 def new generation   total 39424K, used 3640K [0x04c00000, 0x076c0000, 0x0f6a0000)
  eden space 35072K,   0% used [0x04c00000, 0x04c00000, 0x06e40000)
  from space 4352K,  83% used [0x07280000, 0x0760e2a0, 0x076c0000)
  to   space 4352K,   0% used [0x06e40000, 0x06e40000, 0x07280000)
 tenured generation   total 87424K, used 32127K [0x0f6a0000, 0x14c00000, 0x24c00000)
   the space 87424K,  36% used [0x0f6a0000, 0x115ffe80, 0x11600000, 0x14c00000)
 Metaspace       used 18687K, capacity 19138K, committed 19200K, reserved 19840K
}
Event: 644.681 GC heap before
{Heap before GC invocations=12 (full 1):
 def new generation   total 39424K, used 38712K [0x04c00000, 0x076c0000, 0x0f6a0000)
  eden space 35072K, 100% used [0x04c00000, 0x06e40000, 0x06e40000)
  from space 4352K,  83% used [0x07280000, 0x0760e2a0, 0x076c0000)
  to   space 4352K,   0% used [0x06e40000, 0x06e40000, 0x07280000)
 tenured generation   total 87424K, used 32127K [0x0f6a0000, 0x14c00000, 0x24c00000)
   the space 87424K,  36% used [0x0f6a0000, 0x115ffe80, 0x11600000, 0x14c00000)
 Metaspace       used 18879K, capacity 19340K, committed 19456K, reserved 19840K
Event: 644.686 GC heap after
Heap after GC invocations=13 (full 1):
 def new generation   total 39424K, used 2620K [0x04c00000, 0x076c0000, 0x0f6a0000)
  eden space 35072K,   0% used [0x04c00000, 0x04c00000, 0x06e40000)
  from space 4352K,  60% used [0x06e40000, 0x070cf2d8, 0x07280000)
  to   space 4352K,   0% used [0x07280000, 0x07280000, 0x076c0000)
 tenured generation   total 87424K, used 35570K [0x0f6a0000, 0x14c00000, 0x24c00000)
   the space 87424K,  40% used [0x0f6a0000, 0x1195c8a8, 0x1195ca00, 0x14c00000)
 Metaspace       used 18879K, capacity 19340K, committed 19456K, reserved 19840K
}
Event: 708.976 GC heap before
{Heap before GC invocations=13 (full 1):
 def new generation   total 39424K, used 37692K [0x04c00000, 0x076c0000, 0x0f6a0000)
  eden space 35072K, 100% used [0x04c00000, 0x06e40000, 0x06e40000)
  from space 4352K,  60% used [0x06e40000, 0x070cf2d8, 0x07280000)
  to   space 4352K,   0% used [0x07280000, 0x07280000, 0x076c0000)
 tenured generation   total 87424K, used 35570K [0x0f6a0000, 0x14c00000, 0x24c00000)
   the space 87424K,  40% used [0x0f6a0000, 0x1195c8a8, 0x1195ca00, 0x14c00000)
 Metaspace       used 18879K, capacity 19340K, committed 19456K, reserved 19840K
Event: 708.982 GC heap after
Heap after GC invocations=14 (full 1):
 def new generation   total 39424K, used 5K [0x04c00000, 0x076c0000, 0x0f6a0000)
  eden space 35072K,   0% used [0x04c00000, 0x04c00000, 0x06e40000)
  from space 4352K,   0% used [0x07280000, 0x072816b0, 0x076c0000)
  to   space 4352K,   0% used [0x06e40000, 0x06e40000, 0x07280000)
 tenured generation   total 87424K, used 38163K [0x0f6a0000, 0x14c00000, 0x24c00000)
   the space 87424K,  43% used [0x0f6a0000, 0x11be4d50, 0x11be4e00, 0x14c00000)
 Metaspace       used 18879K, capacity 19340K, committed 19456K, reserved 19840K
}
Event: 889.229 GC heap before
{Heap before GC invocations=14 (full 1):
 def new generation   total 39424K, used 35077K [0x04c00000, 0x076c0000, 0x0f6a0000)
  eden space 35072K, 100% used [0x04c00000, 0x06e40000, 0x06e40000)
  from space 4352K,   0% used [0x07280000, 0x072816b0, 0x076c0000)
  to   space 4352K,   0% used [0x06e40000, 0x06e40000, 0x07280000)
 tenured generation   total 87424K, used 38163K [0x0f6a0000, 0x14c00000, 0x24c00000)
   the space 87424K,  43% used [0x0f6a0000, 0x11be4d50, 0x11be4e00, 0x14c00000)
 Metaspace       used 18879K, capacity 19340K, committed 19456K, reserved 19840K
Event: 889.233 GC heap after
Heap after GC invocations=15 (full 1):
 def new generation   total 39424K, used 245K [0x04c00000, 0x076c0000, 0x0f6a0000)
  eden space 35072K,   0% used [0x04c00000, 0x04c00000, 0x06e40000)
  from space 4352K,   5% used [0x06e40000, 0x06e7d790, 0x07280000)
  to   space 4352K,   0% used [0x07280000, 0x07280000, 0x076c0000)
 tenured generation   total 87424K, used 38163K [0x0f6a0000, 0x14c00000, 0x24c00000)
   the space 87424K,  43% used [0x0f6a0000, 0x11be4d50, 0x11be4e00, 0x14c00000)
 Metaspace       used 18879K, capacity 19340K, committed 19456K, reserved 19840K
}

