# JRE version: Java(TM) SE Runtime Environment (8.0_92-b14) (build 1.8.0_92-b14)
# Java VM: Java HotSpot(TM) Client VM (25.92-b14 mixed mode windows-x86 )
Heap:
 def new generation   total 39424K, used 13360K [0x05000000, 0x07ac0000, 0x0faa0000)
  eden space 35072K,  37% used [0x05000000, 0x05cb4698, 0x07240000)
  from space 4352K,   8% used [0x07680000, 0x076d7ab8, 0x07ac0000)
  to   space 4352K,   0% used [0x07240000, 0x07240000, 0x07680000)
 tenured generation   total 87424K, used 28152K [0x0faa0000, 0x15000000, 0x25000000)
   the space 87424K,  32% used [0x0faa0000, 0x1161e390, 0x1161e400, 0x15000000)
 Metaspace       used 18164K, capacity 18620K, committed 18688K, reserved 18816K
GC Heap History (10 events):
Event: 2144.090 GC heap before
{Heap before GC invocations=33 (full 1):
 def new generation   total 39424K, used 35182K [0x05000000, 0x07ac0000, 0x0faa0000)
  eden space 35072K, 100% used [0x05000000, 0x07240000, 0x07240000)
  from space 4352K,   2% used [0x07240000, 0x0725ba50, 0x07680000)
  to   space 4352K,   0% used [0x07680000, 0x07680000, 0x07ac0000)
 tenured generation   total 87424K, used 28116K [0x0faa0000, 0x15000000, 0x25000000)
   the space 87424K,  32% used [0x0faa0000, 0x11615118, 0x11615200, 0x15000000)
 Metaspace       used 18164K, capacity 18620K, committed 18688K, reserved 18816K
Event: 2144.093 GC heap after
Heap after GC invocations=34 (full 1):
 def new generation   total 39424K, used 253K [0x05000000, 0x07ac0000, 0x0faa0000)
  eden space 35072K,   0% used [0x05000000, 0x05000000, 0x07240000)
  from space 4352K,   5% used [0x07680000, 0x076bf640, 0x07ac0000)
  to   space 4352K,   0% used [0x07240000, 0x07240000, 0x07680000)
 tenured generation   total 87424K, used 28129K [0x0faa0000, 0x15000000, 0x25000000)
   the space 87424K,  32% used [0x0faa0000, 0x11618410, 0x11618600, 0x15000000)
 Metaspace       used 18164K, capacity 18620K, committed 18688K, reserved 18816K
}
Event: 2282.468 GC heap before
{Heap before GC invocations=34 (full 1):
 def new generation   total 39424K, used 35325K [0x05000000, 0x07ac0000, 0x0faa0000)
  eden space 35072K, 100% used [0x05000000, 0x07240000, 0x07240000)
  from space 4352K,   5% used [0x07680000, 0x076bf640, 0x07ac0000)
  to   space 4352K,   0% used [0x07240000, 0x07240000, 0x07680000)
 tenured generation   total 87424K, used 28129K [0x0faa0000, 0x15000000, 0x25000000)
   the space 87424K,  32% used [0x0faa0000, 0x11618410, 0x11618600, 0x15000000)
 Metaspace       used 18164K, capacity 18620K, committed 18688K, reserved 18816K
Event: 2282.471 GC heap after
Heap after GC invocations=35 (full 1):
 def new generation   total 39424K, used 229K [0x05000000, 0x07ac0000, 0x0faa0000)
  eden space 35072K,   0% used [0x05000000, 0x05000000, 0x07240000)
  from space 4352K,   5% used [0x07240000, 0x07279670, 0x07680000)
  to   space 4352K,   0% used [0x07680000, 0x07680000, 0x07ac0000)
 tenured generation   total 87424K, used 28137K [0x0faa0000, 0x15000000, 0x25000000)
   the space 87424K,  32% used [0x0faa0000, 0x1161a480, 0x1161a600, 0x15000000)
 Metaspace       used 18164K, capacity 18620K, committed 18688K, reserved 18816K
}
Event: 2360.029 GC heap before
{Heap before GC invocations=35 (full 1):
 def new generation   total 39424K, used 35301K [0x05000000, 0x07ac0000, 0x0faa0000)
  eden space 35072K, 100% used [0x05000000, 0x07240000, 0x07240000)
  from space 4352K,   5% used [0x07240000, 0x07279670, 0x07680000)
  to   space 4352K,   0% used [0x07680000, 0x07680000, 0x07ac0000)
 tenured generation   total 87424K, used 28137K [0x0faa0000, 0x15000000, 0x25000000)
   the space 87424K,  32% used [0x0faa0000, 0x1161a480, 0x1161a600, 0x15000000)
 Metaspace       used 18164K, capacity 18620K, committed 18688K, reserved 18816K
Event: 2360.032 GC heap after
Heap after GC invocations=36 (full 1):
 def new generation   total 39424K, used 171K [0x05000000, 0x07ac0000, 0x0faa0000)
  eden space 35072K,   0% used [0x05000000, 0x05000000, 0x07240000)
  from space 4352K,   3% used [0x07680000, 0x076aacf8, 0x07ac0000)
  to   space 4352K,   0% used [0x07240000, 0x07240000, 0x07680000)
 tenured generation   total 87424K, used 28146K [0x0faa0000, 0x15000000, 0x25000000)
   the space 87424K,  32% used [0x0faa0000, 0x1161c860, 0x1161ca00, 0x15000000)
 Metaspace       used 18164K, capacity 18620K, committed 18688K, reserved 18816K
}
Event: 2443.009 GC heap before
{Heap before GC invocations=36 (full 1):
 def new generation   total 39424K, used 35243K [0x05000000, 0x07ac0000, 0x0faa0000)
  eden space 35072K, 100% used [0x05000000, 0x07240000, 0x07240000)
  from space 4352K,   3% used [0x07680000, 0x076aacf8, 0x07ac0000)
  to   space 4352K,   0% used [0x07240000, 0x07240000, 0x07680000)
 tenured generation   total 87424K, used 28146K [0x0faa0000, 0x15000000, 0x25000000)
   the space 87424K,  32% used [0x0faa0000, 0x1161c860, 0x1161ca00, 0x15000000)
 Metaspace       used 18164K, capacity 18620K, committed 18688K, reserved 18816K
Event: 2443.012 GC heap after
Heap after GC invocations=37 (full 1):
 def new generation   total 39424K, used 198K [0x05000000, 0x07ac0000, 0x0faa0000)
  eden space 35072K,   0% used [0x05000000, 0x05000000, 0x07240000)
  from space 4352K,   4% used [0x07240000, 0x07271a30, 0x07680000)
  to   space 4352K,   0% used [0x07680000, 0x07680000, 0x07ac0000)
 tenured generation   total 87424K, used 28148K [0x0faa0000, 0x15000000, 0x25000000)
   the space 87424K,  32% used [0x0faa0000, 0x1161d108, 0x1161d200, 0x15000000)
 Metaspace       used 18164K, capacity 18620K, committed 18688K, reserved 18816K
}
Event: 2530.206 GC heap before
{Heap before GC invocations=37 (full 1):
 def new generation   total 39424K, used 35270K [0x05000000, 0x07ac0000, 0x0faa0000)
  eden space 35072K, 100% used [0x05000000, 0x07240000, 0x07240000)
  from space 4352K,   4% used [0x07240000, 0x07271a30, 0x07680000)
  to   space 4352K,   0% used [0x07680000, 0x07680000, 0x07ac0000)
 tenured generation   total 87424K, used 28148K [0x0faa0000, 0x15000000, 0x25000000)
   the space 87424K,  32% used [0x0faa0000, 0x1161d108, 0x1161d200, 0x15000000)
 Metaspace       used 18164K, capacity 18620K, committed 18688K, reserved 18816K
Event: 2530.208 GC heap after
Heap after GC invocations=38 (full 1):
 def new generation   total 39424K, used 350K [0x05000000, 0x07ac0000, 0x0faa0000)
  eden space 35072K,   0% used [0x05000000, 0x05000000, 0x07240000)
  from space 4352K,   8% used [0x07680000, 0x076d7ab8, 0x07ac0000)
  to   space 4352K,   0% used [0x07240000, 0x07240000, 0x07680000)
 tenured generation   total 87424K, used 28152K [0x0faa0000, 0x15000000, 0x25000000)
   the space 87424K,  32% used [0x0faa0000, 0x1161e390, 0x1161e400, 0x15000000)
 Metaspace       used 18164K, capacity 18620K, committed 18688K, reserved 18816K
}

