# JRE version: Java(TM) SE Runtime Environment (8.0_92-b14) (build 1.8.0_92-b14)
# Java VM: Java HotSpot(TM) Client VM (25.92-b14 mixed mode windows-x86 )
Heap:
 def new generation   total 39424K, used 20544K [0x05400000, 0x07ec0000, 0x0fea0000)
  eden space 35072K,  58% used [0x05400000, 0x067fd3b8, 0x07640000)
  from space 4352K,   1% used [0x07a80000, 0x07a93030, 0x07ec0000)
  to   space 4352K,   0% used [0x07640000, 0x07640000, 0x07a80000)
 tenured generation   total 87424K, used 70431K [0x0fea0000, 0x15400000, 0x25400000)
   the space 87424K,  80% used [0x0fea0000, 0x14367e58, 0x14368000, 0x15400000)
 Metaspace       used 19160K, capacity 19657K, committed 19712K, reserved 19840K
GC Heap History (10 events):
Event: 5088.128 GC heap before
{Heap before GC invocations=377 (full 1):
 def new generation   total 39424K, used 35111K [0x05400000, 0x07ec0000, 0x0fea0000)
  eden space 35072K, 100% used [0x05400000, 0x07640000, 0x07640000)
  from space 4352K,   0% used [0x07640000, 0x07649c50, 0x07a80000)
  to   space 4352K,   0% used [0x07a80000, 0x07a80000, 0x07ec0000)
 tenured generation   total 87424K, used 70423K [0x0fea0000, 0x15400000, 0x25400000)
   the space 87424K,  80% used [0x0fea0000, 0x14365e30, 0x14366000, 0x15400000)
 Metaspace       used 19160K, capacity 19657K, committed 19712K, reserved 19840K
Event: 5088.129 GC heap after
Heap after GC invocations=378 (full 1):
 def new generation   total 39424K, used 27K [0x05400000, 0x07ec0000, 0x0fea0000)
  eden space 35072K,   0% used [0x05400000, 0x05400000, 0x07640000)
  from space 4352K,   0% used [0x07a80000, 0x07a86d20, 0x07ec0000)
  to   space 4352K,   0% used [0x07640000, 0x07640000, 0x07a80000)
 tenured generation   total 87424K, used 70423K [0x0fea0000, 0x15400000, 0x25400000)
   the space 87424K,  80% used [0x0fea0000, 0x14365e30, 0x14366000, 0x15400000)
 Metaspace       used 19160K, capacity 19657K, committed 19712K, reserved 19840K
}
Event: 5090.638 GC heap before
{Heap before GC invocations=378 (full 1):
 def new generation   total 39424K, used 35099K [0x05400000, 0x07ec0000, 0x0fea0000)
  eden space 35072K, 100% used [0x05400000, 0x07640000, 0x07640000)
  from space 4352K,   0% used [0x07a80000, 0x07a86d20, 0x07ec0000)
  to   space 4352K,   0% used [0x07640000, 0x07640000, 0x07a80000)
 tenured generation   total 87424K, used 70423K [0x0fea0000, 0x15400000, 0x25400000)
   the space 87424K,  80% used [0x0fea0000, 0x14365e30, 0x14366000, 0x15400000)
 Metaspace       used 19160K, capacity 19657K, committed 19712K, reserved 19840K
Event: 5090.639 GC heap after
Heap after GC invocations=379 (full 1):
 def new generation   total 39424K, used 84K [0x05400000, 0x07ec0000, 0x0fea0000)
  eden space 35072K,   0% used [0x05400000, 0x05400000, 0x07640000)
  from space 4352K,   1% used [0x07640000, 0x076552b8, 0x07a80000)
  to   space 4352K,   0% used [0x07a80000, 0x07a80000, 0x07ec0000)
 tenured generation   total 87424K, used 70423K [0x0fea0000, 0x15400000, 0x25400000)
   the space 87424K,  80% used [0x0fea0000, 0x14365e30, 0x14366000, 0x15400000)
 Metaspace       used 19160K, capacity 19657K, committed 19712K, reserved 19840K
}
Event: 5093.949 GC heap before
{Heap before GC invocations=379 (full 1):
 def new generation   total 39424K, used 35156K [0x05400000, 0x07ec0000, 0x0fea0000)
  eden space 35072K, 100% used [0x05400000, 0x07640000, 0x07640000)
  from space 4352K,   1% used [0x07640000, 0x076552b8, 0x07a80000)
  to   space 4352K,   0% used [0x07a80000, 0x07a80000, 0x07ec0000)
 tenured generation   total 87424K, used 70423K [0x0fea0000, 0x15400000, 0x25400000)
   the space 87424K,  80% used [0x0fea0000, 0x14365e30, 0x14366000, 0x15400000)
 Metaspace       used 19160K, capacity 19657K, committed 19712K, reserved 19840K
Event: 5093.950 GC heap after
Heap after GC invocations=380 (full 1):
 def new generation   total 39424K, used 84K [0x05400000, 0x07ec0000, 0x0fea0000)
  eden space 35072K,   0% used [0x05400000, 0x05400000, 0x07640000)
  from space 4352K,   1% used [0x07a80000, 0x07a95058, 0x07ec0000)
  to   space 4352K,   0% used [0x07640000, 0x07640000, 0x07a80000)
 tenured generation   total 87424K, used 70423K [0x0fea0000, 0x15400000, 0x25400000)
   the space 87424K,  80% used [0x0fea0000, 0x14365e30, 0x14366000, 0x15400000)
 Metaspace       used 19160K, capacity 19657K, committed 19712K, reserved 19840K
}
Event: 5097.107 GC heap before
{Heap before GC invocations=380 (full 1):
 def new generation   total 39424K, used 35156K [0x05400000, 0x07ec0000, 0x0fea0000)
  eden space 35072K, 100% used [0x05400000, 0x07640000, 0x07640000)
  from space 4352K,   1% used [0x07a80000, 0x07a95058, 0x07ec0000)
  to   space 4352K,   0% used [0x07640000, 0x07640000, 0x07a80000)
 tenured generation   total 87424K, used 70423K [0x0fea0000, 0x15400000, 0x25400000)
   the space 87424K,  80% used [0x0fea0000, 0x14365e30, 0x14366000, 0x15400000)
 Metaspace       used 19160K, capacity 19657K, committed 19712K, reserved 19840K
Event: 5097.108 GC heap after
Heap after GC invocations=381 (full 1):
 def new generation   total 39424K, used 76K [0x05400000, 0x07ec0000, 0x0fea0000)
  eden space 35072K,   0% used [0x05400000, 0x05400000, 0x07640000)
  from space 4352K,   1% used [0x07640000, 0x076530f8, 0x07a80000)
  to   space 4352K,   0% used [0x07a80000, 0x07a80000, 0x07ec0000)
 tenured generation   total 87424K, used 70431K [0x0fea0000, 0x15400000, 0x25400000)
   the space 87424K,  80% used [0x0fea0000, 0x14367e58, 0x14368000, 0x15400000)
 Metaspace       used 19160K, capacity 19657K, committed 19712K, reserved 19840K
}
Event: 5100.052 GC heap before
{Heap before GC invocations=381 (full 1):
 def new generation   total 39424K, used 35148K [0x05400000, 0x07ec0000, 0x0fea0000)
  eden space 35072K, 100% used [0x05400000, 0x07640000, 0x07640000)
  from space 4352K,   1% used [0x07640000, 0x076530f8, 0x07a80000)
  to   space 4352K,   0% used [0x07a80000, 0x07a80000, 0x07ec0000)
 tenured generation   total 87424K, used 70431K [0x0fea0000, 0x15400000, 0x25400000)
   the space 87424K,  80% used [0x0fea0000, 0x14367e58, 0x14368000, 0x15400000)
 Metaspace       used 19160K, capacity 19657K, committed 19712K, reserved 19840K
Event: 5100.053 GC heap after
Heap after GC invocations=382 (full 1):
 def new generation   total 39424K, used 76K [0x05400000, 0x07ec0000, 0x0fea0000)
  eden space 35072K,   0% used [0x05400000, 0x05400000, 0x07640000)
  from space 4352K,   1% used [0x07a80000, 0x07a93030, 0x07ec0000)
  to   space 4352K,   0% used [0x07640000, 0x07640000, 0x07a80000)
 tenured generation   total 87424K, used 70431K [0x0fea0000, 0x15400000, 0x25400000)
   the space 87424K,  80% used [0x0fea0000, 0x14367e58, 0x14368000, 0x15400000)
 Metaspace       used 19160K, capacity 19657K, committed 19712K, reserved 19840K
}

